<?xml version="1.0" encoding="UTF-8"?>
<!-- Generated by org.testng.reporters.JUnitXMLReporter -->
<testsuite hostname="ggg.local" ignored="0" name="chromeTest" tests="1" failures="0" timestamp="06 六月 2017 01:26:16 GMT" time="0.16" errors="0">
  <testcase name="@BeforeClass beforeTest" time="0.0" classname="test.bingfaTest">
    <failure type="java.lang.IllegalStateException" message="The driver executable does not exist: /Users/gengyt/workspace/hrProject/D:\driver\chromedriver.exe">
      <![CDATA[java.lang.IllegalStateException: The driver executable does not exist: /Users/gengyt/workspace/hrProject/D:\driver\chromedriver.exe
	at com.google.common.base.Preconditions.checkState(Preconditions.java:199)
	at org.openqa.selenium.remote.service.DriverService.checkExecutable(DriverService.java:121)
	at org.openqa.selenium.remote.service.DriverService.findExecutable(DriverService.java:116)
	at org.openqa.selenium.chrome.ChromeDriverService.access$0(ChromeDriverService.java:1)
	at org.openqa.selenium.chrome.ChromeDriverService$Builder.findDefaultExecutable(ChromeDriverService.java:137)
	at org.openqa.selenium.remote.service.DriverService$Builder.build(DriverService.java:296)
	at org.openqa.selenium.chrome.ChromeDriverService.createDefaultService(ChromeDriverService.java:88)
	at org.openqa.selenium.chrome.ChromeDriver.<init>(ChromeDriver.java:116)
	at test.bingfaTest.beforeTest(bingfaTest.java:34)
	at java.util.concurrent.FutureTask.run(FutureTask.java:266)
	at java.util.concurrent.ThreadPoolExecutor.runWorker(ThreadPoolExecutor.java:1142)
	at java.util.concurrent.ThreadPoolExecutor$Worker.run(ThreadPoolExecutor.java:617)
	at java.lang.Thread.run(Thread.java:745)
... Removed 16 stack frames]]>
    </failure>
  </testcase> <!-- @BeforeClass beforeTest -->
  <testcase name="@AfterClass afterTest" time="0.0" classname="test.bingfaTest">
    <skipped/>
  </testcase> <!-- @AfterClass afterTest -->
  <testcase name="test_baidu" time="0.006" classname="test.bingfaTest">
    <skipped/>
  </testcase> <!-- test_baidu -->
</testsuite> <!-- chromeTest -->
