<?xml version="1.0" encoding="UTF-8"?>
<!-- Generated by org.testng.reporters.JUnitXMLReporter -->
<testsuite hostname="berno-PC" name="chromTest" tests="1" failures="0" timestamp="9 Jan 2017 08:45:33 GMT" time="0.056" errors="0">
  <testcase name="@BeforeClass beforeTest" time="0.0" classname="test.bingfaTest">
    <failure type="org.testng.TestNGException" message="
Parameter &amp;apos;browser&amp;apos; is required by @Configuration on method beforeTest but has not been marked @Optional or defined
in D:\tools\selenium\workspace\hrProject\src\bingfaTestng.xml">
      <![CDATA[org.testng.TestNGException: 
Parameter 'browser' is required by @Configuration on method beforeTest but has not been marked @Optional or defined
in D:\tools\selenium\workspace\hrProject\src\bingfaTestng.xml
	at java.util.concurrent.FutureTask.run(Unknown Source)
	at java.util.concurrent.ThreadPoolExecutor.runWorker(Unknown Source)
	at java.util.concurrent.ThreadPoolExecutor$Worker.run(Unknown Source)
	at java.lang.Thread.run(Unknown Source)
... Removed 13 stack frames]]>
    </failure>
  </testcase> <!-- @BeforeClass beforeTest -->
  <testcase name="@AfterClass afterTest" time="0.0" classname="test.bingfaTest">
    <skipped/>
  </testcase> <!-- @AfterClass afterTest -->
  <testcase name="test_baidu" time="0.003" classname="test.bingfaTest">
    <skipped/>
  </testcase> <!-- test_baidu -->
</testsuite> <!-- chromTest -->
