<?xml version="1.0" encoding="UTF-8"?>
<!-- Generated by org.testng.reporters.JUnitReportReporter -->
<testsuite name="com.vchangyi.hr.service.systemsettings.ChangePassword" tests="9" time="0.014" ignored="0" failures="0" timestamp="06 六月 2017 01:25:38 GMT" skipped="8" hostname="ggg.local" errors="1">
  <testcase name="test_ChangePassword6" time="0.001" classname="com.vchangyi.hr.service.systemsettings.ChangePassword">
    <skipped/>
  </testcase> <!-- test_ChangePassword6 -->
  <testcase name="test_ChangePassword2" time="0.004" classname="com.vchangyi.hr.service.systemsettings.ChangePassword">
    <skipped/>
  </testcase> <!-- test_ChangePassword2 -->
  <testcase name="test_ChangePassword1" time="0.003" classname="com.vchangyi.hr.service.systemsettings.ChangePassword">
    <skipped/>
  </testcase> <!-- test_ChangePassword1 -->
  <testcase name="test_ChangePassword5" time="0.001" classname="com.vchangyi.hr.service.systemsettings.ChangePassword">
    <skipped/>
  </testcase> <!-- test_ChangePassword5 -->
  <testcase name="test_ChangePassword7" time="0.002" classname="com.vchangyi.hr.service.systemsettings.ChangePassword">
    <skipped/>
  </testcase> <!-- test_ChangePassword7 -->
  <testcase name="test_ChangePassword4" time="0.001" classname="com.vchangyi.hr.service.systemsettings.ChangePassword">
    <skipped/>
  </testcase> <!-- test_ChangePassword4 -->
  <testcase name="setUp" time="0.000" classname="com.vchangyi.hr.service.systemsettings.ChangePassword">
    <error type="java.lang.IllegalStateException" message="The path to the driver executable must be set by the webdriver.chrome.driver system property; for more information, see https://github.com/SeleniumHQ/selenium/wiki/ChromeDriver. The latest version can be downloaded from http://chromedriver.storage.googleapis.com/index.html">
      <![CDATA[java.lang.IllegalStateException: The path to the driver executable must be set by the webdriver.chrome.driver system property; for more information, see https://github.com/SeleniumHQ/selenium/wiki/ChromeDriver. The latest version can be downloaded from http://chromedriver.storage.googleapis.com/index.html
	at com.google.common.base.Preconditions.checkState(Preconditions.java:199)
	at org.openqa.selenium.remote.service.DriverService.findExecutable(DriverService.java:109)
	at org.openqa.selenium.chrome.ChromeDriverService.access$0(ChromeDriverService.java:1)
	at org.openqa.selenium.chrome.ChromeDriverService$Builder.findDefaultExecutable(ChromeDriverService.java:137)
	at org.openqa.selenium.remote.service.DriverService$Builder.build(DriverService.java:296)
	at org.openqa.selenium.chrome.ChromeDriverService.createDefaultService(ChromeDriverService.java:88)
	at org.openqa.selenium.chrome.ChromeDriver.<init>(ChromeDriver.java:116)
	at com.vchangyi.hr.tool.QiyeLogin.login(QiyeLogin.java:22)
	at com.vchangyi.hr.service.systemsettings.ChangePassword.setUp(ChangePassword.java:37)
	at sun.reflect.NativeMethodAccessorImpl.invoke0(Native Method)
	at sun.reflect.NativeMethodAccessorImpl.invoke(NativeMethodAccessorImpl.java:62)
	at sun.reflect.DelegatingMethodAccessorImpl.invoke(DelegatingMethodAccessorImpl.java:43)
	at java.lang.reflect.Method.invoke(Method.java:498)
	at org.testng.internal.MethodInvocationHelper.invokeMethod(MethodInvocationHelper.java:104)
	at org.testng.internal.Invoker.invokeConfigurationMethod(Invoker.java:515)
	at org.testng.internal.Invoker.invokeConfigurations(Invoker.java:217)
	at org.testng.internal.Invoker.invokeMethod(Invoker.java:590)
	at org.testng.internal.Invoker.invokeTestMethod(Invoker.java:851)
	at org.testng.internal.Invoker.invokeTestMethods(Invoker.java:1177)
	at org.testng.internal.TestMethodWorker.invokeTestMethods(TestMethodWorker.java:129)
	at org.testng.internal.TestMethodWorker.run(TestMethodWorker.java:112)
	at org.testng.TestRunner.privateRun(TestRunner.java:756)
	at org.testng.TestRunner.run(TestRunner.java:610)
	at org.testng.SuiteRunner.runTest(SuiteRunner.java:387)
	at org.testng.SuiteRunner.runSequentially(SuiteRunner.java:382)
	at org.testng.SuiteRunner.privateRun(SuiteRunner.java:340)
	at org.testng.SuiteRunner.run(SuiteRunner.java:289)
	at org.testng.SuiteRunnerWorker.runSuite(SuiteRunnerWorker.java:52)
	at org.testng.SuiteRunnerWorker.run(SuiteRunnerWorker.java:86)
	at org.testng.TestNG.runSuitesSequentially(TestNG.java:1293)
	at org.testng.TestNG.runSuitesLocally(TestNG.java:1218)
	at org.testng.TestNG.runSuites(TestNG.java:1133)
	at org.testng.TestNG.run(TestNG.java:1104)
	at org.testng.remote.AbstractRemoteTestNG.run(AbstractRemoteTestNG.java:132)
	at org.testng.remote.RemoteTestNG.initAndRun(RemoteTestNG.java:236)
	at org.testng.remote.RemoteTestNG.main(RemoteTestNG.java:81)
]]>
    </error>
  </testcase> <!-- setUp -->
  <testcase name="test_ChangePassword3" time="0.001" classname="com.vchangyi.hr.service.systemsettings.ChangePassword">
    <skipped/>
  </testcase> <!-- test_ChangePassword3 -->
  <testcase name="test_ChangePassword_Success" time="0.001" classname="com.vchangyi.hr.service.systemsettings.ChangePassword">
    <skipped/>
  </testcase> <!-- test_ChangePassword_Success -->
</testsuite> <!-- com.vchangyi.hr.service.systemsettings.ChangePassword -->
